  CActivePanel.cpp
  Generating Code...
s:\kpu\4-1\apiproject\inversus\inversus\inversus\cactivepanel.cpp(19): warning C4172: returning address of local variable or temporary
s:\kpu\4-1\apiproject\inversus\inversus\inversus\cactivepanel.cpp(20): warning C4172: returning address of local variable or temporary
  Compiling...
  Main.cpp
  CGameManager.cpp
s:\kpu\4-1\apiproject\inversus\inversus\inversus\cgamemanager.cpp(96): warning C4018: '<': signed/unsigned mismatch
  Generating Code...
  Skipping... (no relevant changes detected)
  CText.cpp
  CRotatingBullet.cpp
  CPlayer.cpp
  CPlainPanel.cpp
  CPanel.cpp
  CObject.cpp
  CMap.cpp
  CEnemy.cpp
  CChracter.cpp
  CBullet.cpp
  Inversus.vcxproj -> S:\KPU\4-1\APIProject\Inversus\Inversus\Debug\Inversus.exe
  Inversus.vcxproj -> S:\KPU\4-1\APIProject\Inversus\Inversus\Debug\Inversus.pdb (Partial PDB)
